  lundump.c
c:\src\lua\lua51\lua51\lundump.c(76): warning C4133: функция: несовместимые типы - из "__int64 *" в "LoadState *"
c:\src\lua\lua51\lua51\lundump.c(88): warning C4133: функция: несовместимые типы - из "__int64 *" в "LoadState *"
c:\src\lua\lua51\lua51\lundump.c(112): warning C4133: функция: несовместимые типы - из "LoadState *" в "__int64 *"
c:\src\lua\lua51\lua51\lundump.c(125): warning C4133: функция: несовместимые типы - из "LoadState *" в "__int64 *"
c:\src\lua\lua51\lua51\lundump.c(125): warning C4244: инициализация: преобразование "__int64" в "int", возможна потеря данных
c:\src\lua\lua51\lua51\lundump.c(136): warning C4133: функция: несовместимые типы - из "LoadState *" в "__int64 *"
c:\src\lua\lua51\lua51\lundump.c(136): warning C4244: =: преобразование "__int64" в "int", возможна потеря данных
c:\src\lua\lua51\lua51\lundump.c(152): warning C4244: =: преобразование "lua_Number" в "int", возможна потеря данных
c:\src\lua\lua51\lua51\lundump.c(166): warning C4133: функция: несовместимые типы - из "LoadState *" в "__int64 *"
c:\src\lua\lua51\lua51\lundump.c(166): warning C4244: =: преобразование "__int64" в "int", возможна потеря данных
c:\src\lua\lua51\lua51\lundump.c(176): warning C4133: функция: несовместимые типы - из "LoadState *" в "__int64 *"
c:\src\lua\lua51\lua51\lundump.c(176): warning C4244: =: преобразование "__int64" в "int", возможна потеря данных
c:\src\lua\lua51\lua51\lundump.c(180): warning C4133: функция: несовместимые типы - из "LoadState *" в "__int64 *"
c:\src\lua\lua51\lua51\lundump.c(180): warning C4244: =: преобразование "__int64" в "int", возможна потеря данных
c:\src\lua\lua51\lua51\lundump.c(187): warning C4133: функция: несовместимые типы - из "LoadState *" в "__int64 *"
c:\src\lua\lua51\lua51\lundump.c(187): warning C4244: =: преобразование "__int64" в "int", возможна потеря данных
c:\src\lua\lua51\lua51\lundump.c(188): warning C4133: функция: несовместимые типы - из "LoadState *" в "__int64 *"
c:\src\lua\lua51\lua51\lundump.c(188): warning C4244: =: преобразование "__int64" в "int", возможна потеря данных
c:\src\lua\lua51\lua51\lundump.c(190): warning C4133: функция: несовместимые типы - из "LoadState *" в "__int64 *"
c:\src\lua\lua51\lua51\lundump.c(190): warning C4244: =: преобразование "__int64" в "int", возможна потеря данных
c:\src\lua\lua51\lua51\lundump.c(202): warning C4133: функция: несовместимые типы - из "LoadState *" в "__int64 *"
c:\src\lua\lua51\lua51\lundump.c(202): warning C4244: =: преобразование "__int64" в "int", возможна потеря данных
c:\src\lua\lua51\lua51\lundump.c(203): warning C4133: функция: несовместимые типы - из "LoadState *" в "__int64 *"
c:\src\lua\lua51\lua51\lundump.c(203): warning C4244: =: преобразование "__int64" в "int", возможна потеря данных
  Создание кода
  5 of 743 functions ( 0.7%) were compiled, the rest were copied from previous compilation.
    0 functions were new in current compilation
    6 functions had inline decision re-evaluated but remain unchanged
  Создание кода завершено
  lua51.vcxproj -> C:\src\lua\lua51\x64\Release\lua51.exe
